SF:lib/data/models/movie.dart
DA:14,5
DA:20,4
DA:22,0
DA:24,0
DA:32,0
DA:33,0
DA:34,0
DA:35,0
DA:36,0
DA:40,0
DA:41,0
DA:43,0
DA:45,3
DA:46,15
LF:14
LH:4
end_of_record
SF:lib/data/models/movie.g.dart
DA:9,4
DA:10,2
DA:11,2
DA:12,2
DA:13,2
DA:16,0
DA:17,0
DA:18,0
DA:19,0
DA:20,0
LF:10
LH:5
end_of_record
SF:lib/data/repositories/movie_repository.dart
DA:11,1
DA:12,0
DA:14,1
DA:16,3
DA:18,1
DA:19,1
DA:20,1
DA:22,1
DA:24,2
DA:25,2
DA:31,1
DA:33,3
DA:35,1
DA:36,1
DA:39,1
DA:40,1
DA:43,1
LF:17
LH:16
end_of_record
SF:lib/data/models/movie_detail.dart
DA:13,5
DA:20,2
DA:22,0
DA:24,1
DA:25,6
DA:33,2
DA:35,2
DA:37,0
DA:39,1
DA:40,3
DA:50,2
DA:56,2
DA:58,0
DA:61,1
DA:62,5
LF:15
LH:12
end_of_record
SF:lib/data/models/movie_detail.g.dart
DA:9,2
DA:10,1
DA:11,1
DA:12,3
DA:13,1
DA:14,1
DA:15,3
DA:16,1
DA:17,1
DA:18,1
DA:21,0
DA:22,0
DA:23,0
DA:24,0
DA:25,0
DA:26,0
DA:27,0
DA:30,2
DA:31,1
DA:32,1
DA:35,0
DA:36,0
DA:37,0
DA:40,2
DA:41,1
DA:42,1
DA:43,1
DA:44,1
DA:47,0
DA:48,0
DA:49,0
DA:50,0
DA:51,0
LF:33
LH:18
end_of_record
SF:lib/data/data_providers/move_api.dart
DA:14,1
DA:15,0
DA:17,1
DA:18,1
DA:21,1
DA:24,3
DA:26,2
DA:27,1
DA:33,1
DA:34,1
DA:36,1
DA:37,1
DA:40,3
DA:42,2
DA:43,1
LF:15
LH:14
end_of_record
SF:lib/logic/cubits/movie_detail_cubit.dart
DA:10,0
DA:12,0
DA:14,0
DA:16,0
DA:19,0
DA:20,0
DA:21,0
DA:26,0
DA:27,0
LF:9
LH:0
end_of_record
SF:lib/logic/cubits/preview_cubit.dart
DA:10,2
DA:12,1
DA:15,1
DA:16,1
DA:17,2
DA:24,3
DA:27,3
DA:28,1
DA:29,2
DA:34,1
DA:35,3
LF:11
LH:11
end_of_record
SF:lib/logic/cubits/movie_detail_state.dart
DA:5,3
DA:12,0
DA:17,0
DA:21,0
DA:22,0
DA:23,0
DA:27,0
DA:28,0
LF:8
LH:1
end_of_record
SF:lib/logic/cubits/preview_state.dart
DA:5,4
DA:12,5
DA:17,1
DA:21,1
DA:22,0
DA:23,1
DA:27,1
DA:28,3
LF:8
LH:7
end_of_record
